

================================================================
== Vivado HLS Report for 'mem_read_weight'
================================================================
* Date:           Thu May 16 21:35:12 2019

* Version:        2017.2 (Build 1909853 on Thu Jun 15 18:55:24 MDT 2017)
* Project:        conv3d_proj
* Solution:       solution1
* Product family: virtexu
* Target device:  xcvu095-ffvc1517-2-e


================================================================
== Performance Estimates
================================================================
+ Timing (ns): 
    * Summary: 
    +--------+-------+----------+------------+
    |  Clock | Target| Estimated| Uncertainty|
    +--------+-------+----------+------------+
    |ap_clk  |   4.00|      3.50|        0.50|
    +--------+-------+----------+------------+

+ Latency (clock cycles): 
    * Summary: 
    +-----+-------+-----+-------+---------+
    |   Latency   |   Interval  | Pipeline|
    | min |  max  | min |  max  |   Type  |
    +-----+-------+-----+-------+---------+
    |    7|  46679|    7|  46679|   none  |
    +-----+-------+-----+-------+---------+

    + Detail: 
        * Instance: 
        N/A

        * Loop: 
        +----------+-----+-------+----------+-----------+-----------+-----------+----------+
        |          |   Latency   | Iteration|  Initiation Interval  |    Trip   |          |
        | Loop Name| min |  max  |  Latency |  achieved |   target  |   Count   | Pipelined|
        +----------+-----+-------+----------+-----------+-----------+-----------+----------+
        |- Loop 1  |    0|  46672|        18|          1|          1| 0 ~ 46656 |    yes   |
        +----------+-----+-------+----------+-----------+-----------+-----------+----------+



================================================================
== Utilization Estimates
================================================================
* Summary: 
+-----------------+---------+-------+---------+--------+
|       Name      | BRAM_18K| DSP48E|    FF   |   LUT  |
+-----------------+---------+-------+---------+--------+
|DSP              |        -|      -|        -|       -|
|Expression       |        -|      -|      482|     484|
|FIFO             |        -|      -|        -|       -|
|Instance         |        -|     16|      664|     196|
|Memory           |        -|      -|        -|       -|
|Multiplexer      |        -|      -|        -|     148|
|Register         |        -|      -|      794|     160|
+-----------------+---------+-------+---------+--------+
|Total            |        0|     16|     1940|     988|
+-----------------+---------+-------+---------+--------+
|Available        |     3456|    768|  1075200|  537600|
+-----------------+---------+-------+---------+--------+
|Utilization (%)  |        0|      2|    ~0   |   ~0   |
+-----------------+---------+-------+---------+--------+

+ Detail: 
    * Instance: 
    +-----------------------------+----------------------+---------+-------+-----+----+
    |           Instance          |        Module        | BRAM_18K| DSP48E|  FF | LUT|
    +-----------------------------+----------------------+---------+-------+-----+----+
    |conv3d_layer_mul_jbC_x_U279  |conv3d_layer_mul_jbC  |        0|      4|  166|  49|
    |conv3d_layer_mul_jbC_x_U280  |conv3d_layer_mul_jbC  |        0|      4|  166|  49|
    |conv3d_layer_mul_jbC_x_U281  |conv3d_layer_mul_jbC  |        0|      4|  166|  49|
    |conv3d_layer_mul_jbC_x_U282  |conv3d_layer_mul_jbC  |        0|      4|  166|  49|
    +-----------------------------+----------------------+---------+-------+-----+----+
    |Total                        |                      |        0|     16|  664| 196|
    +-----------------------------+----------------------+---------+-------+-----+----+

    * DSP48: 
    N/A

    * Memory: 
    N/A

    * FIFO: 
    N/A

    * Expression: 
    +------------------------------------+----------+-------+-----+----+------------+------------+
    |            Variable Name           | Operation| DSP48E|  FF | LUT| Bitwidth P0| Bitwidth P1|
    +------------------------------------+----------+-------+-----+----+------------+------------+
    |i_4_fu_1125_p2                      |     +    |      0|   98|  37|           1|          31|
    |i_cc_2_fu_1251_p2                   |     +    |      0|   17|  10|           4|           1|
    |indvar_flatten_next7_fu_1119_p2     |     +    |      0|  119|  44|          38|           1|
    |indvar_flatten_op_fu_1257_p2        |     +    |      0|   29|  14|           8|           1|
    |o_cc_3_fu_1190_p2                   |     +    |      0|   17|  10|           1|           4|
    |tmp2_fu_1278_p2                     |     +    |      0|    0|  32|          32|          32|
    |tmp3_fu_1283_p2                     |     +    |      0|    0|  32|          32|          32|
    |tmp4_fu_1295_p2                     |     +    |      0|    0|  32|          32|          32|
    |tmp_57_fu_1109_p2                   |     +    |      0|  101|  38|          32|          32|
    |tmp_57_mid1_fu_1214_p2              |     +    |      0|  101|  38|          32|          32|
    |tmp_61_fu_1299_p2                   |     +    |      0|    0|  32|          32|          32|
    |ap_block_pp0_stage0_flag00001001    |    and   |      0|    0|   2|           1|           1|
    |ap_block_state16_io                 |    and   |      0|    0|   2|           1|           1|
    |ap_block_state23_pp0_stage0_iter16  |    and   |      0|    0|   2|           1|           1|
    |exitcond_mid_fu_1184_p2             |    and   |      0|    0|   2|           1|           1|
    |exitcond_flatten7_fu_1114_p2        |   icmp   |      0|    0|  20|          38|          38|
    |exitcond_flatten_fu_1131_p2         |   icmp   |      0|    0|   4|           8|           7|
    |exitcond_fu_1178_p2                 |   icmp   |      0|    0|   2|           4|           5|
    |ap_block_pp0_stage0_flag00011001    |    or    |      0|    0|   2|           1|           1|
    |tmp_406_fu_1196_p2                  |    or    |      0|    0|   2|           1|           1|
    |i_cc_mid2_fu_1202_p3                |  select  |      0|    0|   4|           1|           1|
    |indvar_flatten_next_fu_1263_p3      |  select  |      0|    0|   8|           1|           1|
    |o_cc_mid2_fu_1239_p3                |  select  |      0|    0|   4|           1|           4|
    |o_cc_mid_fu_1137_p3                 |  select  |      0|    0|   4|           1|           1|
    |o_cc_t_mid2_fu_1231_p3              |  select  |      0|    0|   3|           1|           3|
    |o_cc_t_mid_fu_1164_p3               |  select  |      0|    0|   3|           1|           1|
    |p_mid2_v_fu_1145_p3                 |  select  |      0|    0|  31|           1|          31|
    |tmp_58_mid278_v_fu_1153_p3          |  select  |      0|    0|  32|           1|          32|
    |tmp_58_mid2_v_fu_1219_p3            |  select  |      0|    0|  32|           1|          32|
    |ap_enable_pp0                       |    xor   |      0|    0|   2|           1|           2|
    |ap_enable_reg_pp0_iter1             |    xor   |      0|    0|   2|           1|           2|
    |not_exitcond_flatten_fu_1172_p2     |    xor   |      0|    0|   2|           1|           2|
    +------------------------------------+----------+-------+-----+----+------------+------------+
    |Total                               |          |      0|  482| 484|         312|         398|
    +------------------------------------+----------+-------+-----+----+------------+------------+

    * Multiplexer: 
    +----------------------------------+----+-----------+-----+-----------+
    |               Name               | LUT| Input Size| Bits| Total Bits|
    +----------------------------------+----+-----------+-----+-----------+
    |ap_NS_fsm                         |  49|          9|    1|          9|
    |ap_enable_reg_pp0_iter1           |   9|          2|    1|          2|
    |ap_enable_reg_pp0_iter17          |   9|          2|    1|          2|
    |ap_sig_ioackin_m_axi_mem_ARREADY  |   9|          2|    1|          2|
    |i_cc_reg_1072                     |   9|          2|    4|          8|
    |i_phi_fu_1043_p4                  |   9|          2|   31|         62|
    |i_reg_1039                        |   9|          2|   31|         62|
    |indvar_flatten7_reg_1028          |   9|          2|   38|         76|
    |indvar_flatten_reg_1050           |   9|          2|    8|         16|
    |mem_blk_n_AR                      |   9|          2|    1|          2|
    |mem_blk_n_R                       |   9|          2|    1|          2|
    |o_cc_reg_1061                     |   9|          2|    4|          8|
    +----------------------------------+----+-----------+-----+-----------+
    |Total                             | 148|         31|  122|        251|
    +----------------------------------+----+-----------+-----+-----------+

    * Register: 
    +----------------------------------+----+----+-----+-----------+
    |               Name               | FF | LUT| Bits| Const Bits|
    +----------------------------------+----+----+-----+-----------+
    |ap_CS_fsm                         |   8|   0|    8|          0|
    |ap_enable_reg_pp0_iter0           |   1|   0|    1|          0|
    |ap_enable_reg_pp0_iter1           |   1|   0|    1|          0|
    |ap_enable_reg_pp0_iter10          |   1|   0|    1|          0|
    |ap_enable_reg_pp0_iter11          |   1|   0|    1|          0|
    |ap_enable_reg_pp0_iter12          |   1|   0|    1|          0|
    |ap_enable_reg_pp0_iter13          |   1|   0|    1|          0|
    |ap_enable_reg_pp0_iter14          |   1|   0|    1|          0|
    |ap_enable_reg_pp0_iter15          |   1|   0|    1|          0|
    |ap_enable_reg_pp0_iter16          |   1|   0|    1|          0|
    |ap_enable_reg_pp0_iter17          |   1|   0|    1|          0|
    |ap_enable_reg_pp0_iter2           |   1|   0|    1|          0|
    |ap_enable_reg_pp0_iter3           |   1|   0|    1|          0|
    |ap_enable_reg_pp0_iter4           |   1|   0|    1|          0|
    |ap_enable_reg_pp0_iter5           |   1|   0|    1|          0|
    |ap_enable_reg_pp0_iter6           |   1|   0|    1|          0|
    |ap_enable_reg_pp0_iter7           |   1|   0|    1|          0|
    |ap_enable_reg_pp0_iter8           |   1|   0|    1|          0|
    |ap_enable_reg_pp0_iter9           |   1|   0|    1|          0|
    |ap_reg_ioackin_m_axi_mem_ARREADY  |   1|   0|    1|          0|
    |exitcond_flatten7_reg_1426        |   1|   0|    1|          0|
    |i_cc_mid2_reg_1442                |   4|   0|    4|          0|
    |i_cc_reg_1072                     |   4|   0|    4|          0|
    |i_reg_1039                        |  31|   0|   31|          0|
    |indvar_flatten7_reg_1028          |  38|   0|   38|          0|
    |indvar_flatten_reg_1050           |   8|   0|    8|          0|
    |mem_addr_read_reg_1501            |  32|   0|   32|          0|
    |o_cc_reg_1061                     |   4|   0|    4|          0|
    |o_cc_t_mid2_reg_1452              |   3|   0|    3|          0|
    |p_mid2_v_reg_1435                 |  31|   0|   31|          0|
    |tmp1_reg_1389                     |  32|   0|   32|          0|
    |tmp3_reg_1480                     |  32|   0|   32|          0|
    |tmp6_reg_1485                     |  32|   0|   32|          0|
    |tmp_411_reg_1461                  |   3|   0|    3|          0|
    |tmp_58_mid2_reg_1475              |  32|   0|   32|          0|
    |tmp_58_mid2_v_reg_1447            |  32|   0|   32|          0|
    |tmp_61_reg_1490                   |  32|   0|   32|          0|
    |tmp_reg_1421                      |  32|   0|   38|          6|
    |tmp_s_reg_1416                    |  32|   0|   32|          0|
    |weight_offset_cast_reg_1411       |  32|   0|   32|          0|
    |exitcond_flatten7_reg_1426        |  64|  32|    1|          0|
    |i_cc_mid2_reg_1442                |  64|  32|    4|          0|
    |o_cc_t_mid2_reg_1452              |  64|  32|    3|          0|
    |p_mid2_v_reg_1435                 |  64|  32|   31|          0|
    |tmp_411_reg_1461                  |  64|  32|    3|          0|
    +----------------------------------+----+----+-----+-----------+
    |Total                             | 794| 160|  522|          6|
    +----------------------------------+----+----+-----+-----------+



================================================================
== Interface
================================================================
* Summary: 
+-------------------------+-----+-----+------------+-----------------+--------------+
|        RTL Ports        | Dir | Bits|  Protocol  |  Source Object  |    C Type    |
+-------------------------+-----+-----+------------+-----------------+--------------+
|ap_clk                   |  in |    1| ap_ctrl_hs | mem_read_weight | return value |
|ap_rst                   |  in |    1| ap_ctrl_hs | mem_read_weight | return value |
|ap_start                 |  in |    1| ap_ctrl_hs | mem_read_weight | return value |
|ap_done                  | out |    1| ap_ctrl_hs | mem_read_weight | return value |
|ap_idle                  | out |    1| ap_ctrl_hs | mem_read_weight | return value |
|ap_ready                 | out |    1| ap_ctrl_hs | mem_read_weight | return value |
|m_axi_mem_AWVALID        | out |    1|    m_axi   |       mem       |    pointer   |
|m_axi_mem_AWREADY        |  in |    1|    m_axi   |       mem       |    pointer   |
|m_axi_mem_AWADDR         | out |   64|    m_axi   |       mem       |    pointer   |
|m_axi_mem_AWID           | out |    1|    m_axi   |       mem       |    pointer   |
|m_axi_mem_AWLEN          | out |   32|    m_axi   |       mem       |    pointer   |
|m_axi_mem_AWSIZE         | out |    3|    m_axi   |       mem       |    pointer   |
|m_axi_mem_AWBURST        | out |    2|    m_axi   |       mem       |    pointer   |
|m_axi_mem_AWLOCK         | out |    2|    m_axi   |       mem       |    pointer   |
|m_axi_mem_AWCACHE        | out |    4|    m_axi   |       mem       |    pointer   |
|m_axi_mem_AWPROT         | out |    3|    m_axi   |       mem       |    pointer   |
|m_axi_mem_AWQOS          | out |    4|    m_axi   |       mem       |    pointer   |
|m_axi_mem_AWREGION       | out |    4|    m_axi   |       mem       |    pointer   |
|m_axi_mem_AWUSER         | out |    1|    m_axi   |       mem       |    pointer   |
|m_axi_mem_WVALID         | out |    1|    m_axi   |       mem       |    pointer   |
|m_axi_mem_WREADY         |  in |    1|    m_axi   |       mem       |    pointer   |
|m_axi_mem_WDATA          | out |   32|    m_axi   |       mem       |    pointer   |
|m_axi_mem_WSTRB          | out |    4|    m_axi   |       mem       |    pointer   |
|m_axi_mem_WLAST          | out |    1|    m_axi   |       mem       |    pointer   |
|m_axi_mem_WID            | out |    1|    m_axi   |       mem       |    pointer   |
|m_axi_mem_WUSER          | out |    1|    m_axi   |       mem       |    pointer   |
|m_axi_mem_ARVALID        | out |    1|    m_axi   |       mem       |    pointer   |
|m_axi_mem_ARREADY        |  in |    1|    m_axi   |       mem       |    pointer   |
|m_axi_mem_ARADDR         | out |   64|    m_axi   |       mem       |    pointer   |
|m_axi_mem_ARID           | out |    1|    m_axi   |       mem       |    pointer   |
|m_axi_mem_ARLEN          | out |   32|    m_axi   |       mem       |    pointer   |
|m_axi_mem_ARSIZE         | out |    3|    m_axi   |       mem       |    pointer   |
|m_axi_mem_ARBURST        | out |    2|    m_axi   |       mem       |    pointer   |
|m_axi_mem_ARLOCK         | out |    2|    m_axi   |       mem       |    pointer   |
|m_axi_mem_ARCACHE        | out |    4|    m_axi   |       mem       |    pointer   |
|m_axi_mem_ARPROT         | out |    3|    m_axi   |       mem       |    pointer   |
|m_axi_mem_ARQOS          | out |    4|    m_axi   |       mem       |    pointer   |
|m_axi_mem_ARREGION       | out |    4|    m_axi   |       mem       |    pointer   |
|m_axi_mem_ARUSER         | out |    1|    m_axi   |       mem       |    pointer   |
|m_axi_mem_RVALID         |  in |    1|    m_axi   |       mem       |    pointer   |
|m_axi_mem_RREADY         | out |    1|    m_axi   |       mem       |    pointer   |
|m_axi_mem_RDATA          |  in |   32|    m_axi   |       mem       |    pointer   |
|m_axi_mem_RLAST          |  in |    1|    m_axi   |       mem       |    pointer   |
|m_axi_mem_RID            |  in |    1|    m_axi   |       mem       |    pointer   |
|m_axi_mem_RUSER          |  in |    1|    m_axi   |       mem       |    pointer   |
|m_axi_mem_RRESP          |  in |    2|    m_axi   |       mem       |    pointer   |
|m_axi_mem_BVALID         |  in |    1|    m_axi   |       mem       |    pointer   |
|m_axi_mem_BREADY         | out |    1|    m_axi   |       mem       |    pointer   |
|m_axi_mem_BRESP          |  in |    2|    m_axi   |       mem       |    pointer   |
|m_axi_mem_BID            |  in |    1|    m_axi   |       mem       |    pointer   |
|m_axi_mem_BUSER          |  in |    1|    m_axi   |       mem       |    pointer   |
|weight_offset            |  in |   30|   ap_none  |  weight_offset  |    scalar    |
|weightBRAM_0_0_address0  | out |   10|  ap_memory |  weightBRAM_0_0 |     array    |
|weightBRAM_0_0_ce0       | out |    1|  ap_memory |  weightBRAM_0_0 |     array    |
|weightBRAM_0_0_we0       | out |    1|  ap_memory |  weightBRAM_0_0 |     array    |
|weightBRAM_0_0_d0        | out |   32|  ap_memory |  weightBRAM_0_0 |     array    |
|weightBRAM_0_1_address0  | out |   10|  ap_memory |  weightBRAM_0_1 |     array    |
|weightBRAM_0_1_ce0       | out |    1|  ap_memory |  weightBRAM_0_1 |     array    |
|weightBRAM_0_1_we0       | out |    1|  ap_memory |  weightBRAM_0_1 |     array    |
|weightBRAM_0_1_d0        | out |   32|  ap_memory |  weightBRAM_0_1 |     array    |
|weightBRAM_0_2_address0  | out |   10|  ap_memory |  weightBRAM_0_2 |     array    |
|weightBRAM_0_2_ce0       | out |    1|  ap_memory |  weightBRAM_0_2 |     array    |
|weightBRAM_0_2_we0       | out |    1|  ap_memory |  weightBRAM_0_2 |     array    |
|weightBRAM_0_2_d0        | out |   32|  ap_memory |  weightBRAM_0_2 |     array    |
|weightBRAM_0_3_address0  | out |   10|  ap_memory |  weightBRAM_0_3 |     array    |
|weightBRAM_0_3_ce0       | out |    1|  ap_memory |  weightBRAM_0_3 |     array    |
|weightBRAM_0_3_we0       | out |    1|  ap_memory |  weightBRAM_0_3 |     array    |
|weightBRAM_0_3_d0        | out |   32|  ap_memory |  weightBRAM_0_3 |     array    |
|weightBRAM_0_4_address0  | out |   10|  ap_memory |  weightBRAM_0_4 |     array    |
|weightBRAM_0_4_ce0       | out |    1|  ap_memory |  weightBRAM_0_4 |     array    |
|weightBRAM_0_4_we0       | out |    1|  ap_memory |  weightBRAM_0_4 |     array    |
|weightBRAM_0_4_d0        | out |   32|  ap_memory |  weightBRAM_0_4 |     array    |
|weightBRAM_0_5_address0  | out |   10|  ap_memory |  weightBRAM_0_5 |     array    |
|weightBRAM_0_5_ce0       | out |    1|  ap_memory |  weightBRAM_0_5 |     array    |
|weightBRAM_0_5_we0       | out |    1|  ap_memory |  weightBRAM_0_5 |     array    |
|weightBRAM_0_5_d0        | out |   32|  ap_memory |  weightBRAM_0_5 |     array    |
|weightBRAM_0_6_address0  | out |   10|  ap_memory |  weightBRAM_0_6 |     array    |
|weightBRAM_0_6_ce0       | out |    1|  ap_memory |  weightBRAM_0_6 |     array    |
|weightBRAM_0_6_we0       | out |    1|  ap_memory |  weightBRAM_0_6 |     array    |
|weightBRAM_0_6_d0        | out |   32|  ap_memory |  weightBRAM_0_6 |     array    |
|weightBRAM_0_7_address0  | out |   10|  ap_memory |  weightBRAM_0_7 |     array    |
|weightBRAM_0_7_ce0       | out |    1|  ap_memory |  weightBRAM_0_7 |     array    |
|weightBRAM_0_7_we0       | out |    1|  ap_memory |  weightBRAM_0_7 |     array    |
|weightBRAM_0_7_d0        | out |   32|  ap_memory |  weightBRAM_0_7 |     array    |
|weightBRAM_1_0_address0  | out |   10|  ap_memory |  weightBRAM_1_0 |     array    |
|weightBRAM_1_0_ce0       | out |    1|  ap_memory |  weightBRAM_1_0 |     array    |
|weightBRAM_1_0_we0       | out |    1|  ap_memory |  weightBRAM_1_0 |     array    |
|weightBRAM_1_0_d0        | out |   32|  ap_memory |  weightBRAM_1_0 |     array    |
|weightBRAM_1_1_address0  | out |   10|  ap_memory |  weightBRAM_1_1 |     array    |
|weightBRAM_1_1_ce0       | out |    1|  ap_memory |  weightBRAM_1_1 |     array    |
|weightBRAM_1_1_we0       | out |    1|  ap_memory |  weightBRAM_1_1 |     array    |
|weightBRAM_1_1_d0        | out |   32|  ap_memory |  weightBRAM_1_1 |     array    |
|weightBRAM_1_2_address0  | out |   10|  ap_memory |  weightBRAM_1_2 |     array    |
|weightBRAM_1_2_ce0       | out |    1|  ap_memory |  weightBRAM_1_2 |     array    |
|weightBRAM_1_2_we0       | out |    1|  ap_memory |  weightBRAM_1_2 |     array    |
|weightBRAM_1_2_d0        | out |   32|  ap_memory |  weightBRAM_1_2 |     array    |
|weightBRAM_1_3_address0  | out |   10|  ap_memory |  weightBRAM_1_3 |     array    |
|weightBRAM_1_3_ce0       | out |    1|  ap_memory |  weightBRAM_1_3 |     array    |
|weightBRAM_1_3_we0       | out |    1|  ap_memory |  weightBRAM_1_3 |     array    |
|weightBRAM_1_3_d0        | out |   32|  ap_memory |  weightBRAM_1_3 |     array    |
|weightBRAM_1_4_address0  | out |   10|  ap_memory |  weightBRAM_1_4 |     array    |
|weightBRAM_1_4_ce0       | out |    1|  ap_memory |  weightBRAM_1_4 |     array    |
|weightBRAM_1_4_we0       | out |    1|  ap_memory |  weightBRAM_1_4 |     array    |
|weightBRAM_1_4_d0        | out |   32|  ap_memory |  weightBRAM_1_4 |     array    |
|weightBRAM_1_5_address0  | out |   10|  ap_memory |  weightBRAM_1_5 |     array    |
|weightBRAM_1_5_ce0       | out |    1|  ap_memory |  weightBRAM_1_5 |     array    |
|weightBRAM_1_5_we0       | out |    1|  ap_memory |  weightBRAM_1_5 |     array    |
|weightBRAM_1_5_d0        | out |   32|  ap_memory |  weightBRAM_1_5 |     array    |
|weightBRAM_1_6_address0  | out |   10|  ap_memory |  weightBRAM_1_6 |     array    |
|weightBRAM_1_6_ce0       | out |    1|  ap_memory |  weightBRAM_1_6 |     array    |
|weightBRAM_1_6_we0       | out |    1|  ap_memory |  weightBRAM_1_6 |     array    |
|weightBRAM_1_6_d0        | out |   32|  ap_memory |  weightBRAM_1_6 |     array    |
|weightBRAM_1_7_address0  | out |   10|  ap_memory |  weightBRAM_1_7 |     array    |
|weightBRAM_1_7_ce0       | out |    1|  ap_memory |  weightBRAM_1_7 |     array    |
|weightBRAM_1_7_we0       | out |    1|  ap_memory |  weightBRAM_1_7 |     array    |
|weightBRAM_1_7_d0        | out |   32|  ap_memory |  weightBRAM_1_7 |     array    |
|weightBRAM_2_0_address0  | out |   10|  ap_memory |  weightBRAM_2_0 |     array    |
|weightBRAM_2_0_ce0       | out |    1|  ap_memory |  weightBRAM_2_0 |     array    |
|weightBRAM_2_0_we0       | out |    1|  ap_memory |  weightBRAM_2_0 |     array    |
|weightBRAM_2_0_d0        | out |   32|  ap_memory |  weightBRAM_2_0 |     array    |
|weightBRAM_2_1_address0  | out |   10|  ap_memory |  weightBRAM_2_1 |     array    |
|weightBRAM_2_1_ce0       | out |    1|  ap_memory |  weightBRAM_2_1 |     array    |
|weightBRAM_2_1_we0       | out |    1|  ap_memory |  weightBRAM_2_1 |     array    |
|weightBRAM_2_1_d0        | out |   32|  ap_memory |  weightBRAM_2_1 |     array    |
|weightBRAM_2_2_address0  | out |   10|  ap_memory |  weightBRAM_2_2 |     array    |
|weightBRAM_2_2_ce0       | out |    1|  ap_memory |  weightBRAM_2_2 |     array    |
|weightBRAM_2_2_we0       | out |    1|  ap_memory |  weightBRAM_2_2 |     array    |
|weightBRAM_2_2_d0        | out |   32|  ap_memory |  weightBRAM_2_2 |     array    |
|weightBRAM_2_3_address0  | out |   10|  ap_memory |  weightBRAM_2_3 |     array    |
|weightBRAM_2_3_ce0       | out |    1|  ap_memory |  weightBRAM_2_3 |     array    |
|weightBRAM_2_3_we0       | out |    1|  ap_memory |  weightBRAM_2_3 |     array    |
|weightBRAM_2_3_d0        | out |   32|  ap_memory |  weightBRAM_2_3 |     array    |
|weightBRAM_2_4_address0  | out |   10|  ap_memory |  weightBRAM_2_4 |     array    |
|weightBRAM_2_4_ce0       | out |    1|  ap_memory |  weightBRAM_2_4 |     array    |
|weightBRAM_2_4_we0       | out |    1|  ap_memory |  weightBRAM_2_4 |     array    |
|weightBRAM_2_4_d0        | out |   32|  ap_memory |  weightBRAM_2_4 |     array    |
|weightBRAM_2_5_address0  | out |   10|  ap_memory |  weightBRAM_2_5 |     array    |
|weightBRAM_2_5_ce0       | out |    1|  ap_memory |  weightBRAM_2_5 |     array    |
|weightBRAM_2_5_we0       | out |    1|  ap_memory |  weightBRAM_2_5 |     array    |
|weightBRAM_2_5_d0        | out |   32|  ap_memory |  weightBRAM_2_5 |     array    |
|weightBRAM_2_6_address0  | out |   10|  ap_memory |  weightBRAM_2_6 |     array    |
|weightBRAM_2_6_ce0       | out |    1|  ap_memory |  weightBRAM_2_6 |     array    |
|weightBRAM_2_6_we0       | out |    1|  ap_memory |  weightBRAM_2_6 |     array    |
|weightBRAM_2_6_d0        | out |   32|  ap_memory |  weightBRAM_2_6 |     array    |
|weightBRAM_2_7_address0  | out |   10|  ap_memory |  weightBRAM_2_7 |     array    |
|weightBRAM_2_7_ce0       | out |    1|  ap_memory |  weightBRAM_2_7 |     array    |
|weightBRAM_2_7_we0       | out |    1|  ap_memory |  weightBRAM_2_7 |     array    |
|weightBRAM_2_7_d0        | out |   32|  ap_memory |  weightBRAM_2_7 |     array    |
|weightBRAM_3_0_address0  | out |   10|  ap_memory |  weightBRAM_3_0 |     array    |
|weightBRAM_3_0_ce0       | out |    1|  ap_memory |  weightBRAM_3_0 |     array    |
|weightBRAM_3_0_we0       | out |    1|  ap_memory |  weightBRAM_3_0 |     array    |
|weightBRAM_3_0_d0        | out |   32|  ap_memory |  weightBRAM_3_0 |     array    |
|weightBRAM_3_1_address0  | out |   10|  ap_memory |  weightBRAM_3_1 |     array    |
|weightBRAM_3_1_ce0       | out |    1|  ap_memory |  weightBRAM_3_1 |     array    |
|weightBRAM_3_1_we0       | out |    1|  ap_memory |  weightBRAM_3_1 |     array    |
|weightBRAM_3_1_d0        | out |   32|  ap_memory |  weightBRAM_3_1 |     array    |
|weightBRAM_3_2_address0  | out |   10|  ap_memory |  weightBRAM_3_2 |     array    |
|weightBRAM_3_2_ce0       | out |    1|  ap_memory |  weightBRAM_3_2 |     array    |
|weightBRAM_3_2_we0       | out |    1|  ap_memory |  weightBRAM_3_2 |     array    |
|weightBRAM_3_2_d0        | out |   32|  ap_memory |  weightBRAM_3_2 |     array    |
|weightBRAM_3_3_address0  | out |   10|  ap_memory |  weightBRAM_3_3 |     array    |
|weightBRAM_3_3_ce0       | out |    1|  ap_memory |  weightBRAM_3_3 |     array    |
|weightBRAM_3_3_we0       | out |    1|  ap_memory |  weightBRAM_3_3 |     array    |
|weightBRAM_3_3_d0        | out |   32|  ap_memory |  weightBRAM_3_3 |     array    |
|weightBRAM_3_4_address0  | out |   10|  ap_memory |  weightBRAM_3_4 |     array    |
|weightBRAM_3_4_ce0       | out |    1|  ap_memory |  weightBRAM_3_4 |     array    |
|weightBRAM_3_4_we0       | out |    1|  ap_memory |  weightBRAM_3_4 |     array    |
|weightBRAM_3_4_d0        | out |   32|  ap_memory |  weightBRAM_3_4 |     array    |
|weightBRAM_3_5_address0  | out |   10|  ap_memory |  weightBRAM_3_5 |     array    |
|weightBRAM_3_5_ce0       | out |    1|  ap_memory |  weightBRAM_3_5 |     array    |
|weightBRAM_3_5_we0       | out |    1|  ap_memory |  weightBRAM_3_5 |     array    |
|weightBRAM_3_5_d0        | out |   32|  ap_memory |  weightBRAM_3_5 |     array    |
|weightBRAM_3_6_address0  | out |   10|  ap_memory |  weightBRAM_3_6 |     array    |
|weightBRAM_3_6_ce0       | out |    1|  ap_memory |  weightBRAM_3_6 |     array    |
|weightBRAM_3_6_we0       | out |    1|  ap_memory |  weightBRAM_3_6 |     array    |
|weightBRAM_3_6_d0        | out |   32|  ap_memory |  weightBRAM_3_6 |     array    |
|weightBRAM_3_7_address0  | out |   10|  ap_memory |  weightBRAM_3_7 |     array    |
|weightBRAM_3_7_ce0       | out |    1|  ap_memory |  weightBRAM_3_7 |     array    |
|weightBRAM_3_7_we0       | out |    1|  ap_memory |  weightBRAM_3_7 |     array    |
|weightBRAM_3_7_d0        | out |   32|  ap_memory |  weightBRAM_3_7 |     array    |
|weightBRAM_4_0_address0  | out |   10|  ap_memory |  weightBRAM_4_0 |     array    |
|weightBRAM_4_0_ce0       | out |    1|  ap_memory |  weightBRAM_4_0 |     array    |
|weightBRAM_4_0_we0       | out |    1|  ap_memory |  weightBRAM_4_0 |     array    |
|weightBRAM_4_0_d0        | out |   32|  ap_memory |  weightBRAM_4_0 |     array    |
|weightBRAM_4_1_address0  | out |   10|  ap_memory |  weightBRAM_4_1 |     array    |
|weightBRAM_4_1_ce0       | out |    1|  ap_memory |  weightBRAM_4_1 |     array    |
|weightBRAM_4_1_we0       | out |    1|  ap_memory |  weightBRAM_4_1 |     array    |
|weightBRAM_4_1_d0        | out |   32|  ap_memory |  weightBRAM_4_1 |     array    |
|weightBRAM_4_2_address0  | out |   10|  ap_memory |  weightBRAM_4_2 |     array    |
|weightBRAM_4_2_ce0       | out |    1|  ap_memory |  weightBRAM_4_2 |     array    |
|weightBRAM_4_2_we0       | out |    1|  ap_memory |  weightBRAM_4_2 |     array    |
|weightBRAM_4_2_d0        | out |   32|  ap_memory |  weightBRAM_4_2 |     array    |
|weightBRAM_4_3_address0  | out |   10|  ap_memory |  weightBRAM_4_3 |     array    |
|weightBRAM_4_3_ce0       | out |    1|  ap_memory |  weightBRAM_4_3 |     array    |
|weightBRAM_4_3_we0       | out |    1|  ap_memory |  weightBRAM_4_3 |     array    |
|weightBRAM_4_3_d0        | out |   32|  ap_memory |  weightBRAM_4_3 |     array    |
|weightBRAM_4_4_address0  | out |   10|  ap_memory |  weightBRAM_4_4 |     array    |
|weightBRAM_4_4_ce0       | out |    1|  ap_memory |  weightBRAM_4_4 |     array    |
|weightBRAM_4_4_we0       | out |    1|  ap_memory |  weightBRAM_4_4 |     array    |
|weightBRAM_4_4_d0        | out |   32|  ap_memory |  weightBRAM_4_4 |     array    |
|weightBRAM_4_5_address0  | out |   10|  ap_memory |  weightBRAM_4_5 |     array    |
|weightBRAM_4_5_ce0       | out |    1|  ap_memory |  weightBRAM_4_5 |     array    |
|weightBRAM_4_5_we0       | out |    1|  ap_memory |  weightBRAM_4_5 |     array    |
|weightBRAM_4_5_d0        | out |   32|  ap_memory |  weightBRAM_4_5 |     array    |
|weightBRAM_4_6_address0  | out |   10|  ap_memory |  weightBRAM_4_6 |     array    |
|weightBRAM_4_6_ce0       | out |    1|  ap_memory |  weightBRAM_4_6 |     array    |
|weightBRAM_4_6_we0       | out |    1|  ap_memory |  weightBRAM_4_6 |     array    |
|weightBRAM_4_6_d0        | out |   32|  ap_memory |  weightBRAM_4_6 |     array    |
|weightBRAM_4_7_address0  | out |   10|  ap_memory |  weightBRAM_4_7 |     array    |
|weightBRAM_4_7_ce0       | out |    1|  ap_memory |  weightBRAM_4_7 |     array    |
|weightBRAM_4_7_we0       | out |    1|  ap_memory |  weightBRAM_4_7 |     array    |
|weightBRAM_4_7_d0        | out |   32|  ap_memory |  weightBRAM_4_7 |     array    |
|weightBRAM_5_0_address0  | out |   10|  ap_memory |  weightBRAM_5_0 |     array    |
|weightBRAM_5_0_ce0       | out |    1|  ap_memory |  weightBRAM_5_0 |     array    |
|weightBRAM_5_0_we0       | out |    1|  ap_memory |  weightBRAM_5_0 |     array    |
|weightBRAM_5_0_d0        | out |   32|  ap_memory |  weightBRAM_5_0 |     array    |
|weightBRAM_5_1_address0  | out |   10|  ap_memory |  weightBRAM_5_1 |     array    |
|weightBRAM_5_1_ce0       | out |    1|  ap_memory |  weightBRAM_5_1 |     array    |
|weightBRAM_5_1_we0       | out |    1|  ap_memory |  weightBRAM_5_1 |     array    |
|weightBRAM_5_1_d0        | out |   32|  ap_memory |  weightBRAM_5_1 |     array    |
|weightBRAM_5_2_address0  | out |   10|  ap_memory |  weightBRAM_5_2 |     array    |
|weightBRAM_5_2_ce0       | out |    1|  ap_memory |  weightBRAM_5_2 |     array    |
|weightBRAM_5_2_we0       | out |    1|  ap_memory |  weightBRAM_5_2 |     array    |
|weightBRAM_5_2_d0        | out |   32|  ap_memory |  weightBRAM_5_2 |     array    |
|weightBRAM_5_3_address0  | out |   10|  ap_memory |  weightBRAM_5_3 |     array    |
|weightBRAM_5_3_ce0       | out |    1|  ap_memory |  weightBRAM_5_3 |     array    |
|weightBRAM_5_3_we0       | out |    1|  ap_memory |  weightBRAM_5_3 |     array    |
|weightBRAM_5_3_d0        | out |   32|  ap_memory |  weightBRAM_5_3 |     array    |
|weightBRAM_5_4_address0  | out |   10|  ap_memory |  weightBRAM_5_4 |     array    |
|weightBRAM_5_4_ce0       | out |    1|  ap_memory |  weightBRAM_5_4 |     array    |
|weightBRAM_5_4_we0       | out |    1|  ap_memory |  weightBRAM_5_4 |     array    |
|weightBRAM_5_4_d0        | out |   32|  ap_memory |  weightBRAM_5_4 |     array    |
|weightBRAM_5_5_address0  | out |   10|  ap_memory |  weightBRAM_5_5 |     array    |
|weightBRAM_5_5_ce0       | out |    1|  ap_memory |  weightBRAM_5_5 |     array    |
|weightBRAM_5_5_we0       | out |    1|  ap_memory |  weightBRAM_5_5 |     array    |
|weightBRAM_5_5_d0        | out |   32|  ap_memory |  weightBRAM_5_5 |     array    |
|weightBRAM_5_6_address0  | out |   10|  ap_memory |  weightBRAM_5_6 |     array    |
|weightBRAM_5_6_ce0       | out |    1|  ap_memory |  weightBRAM_5_6 |     array    |
|weightBRAM_5_6_we0       | out |    1|  ap_memory |  weightBRAM_5_6 |     array    |
|weightBRAM_5_6_d0        | out |   32|  ap_memory |  weightBRAM_5_6 |     array    |
|weightBRAM_5_7_address0  | out |   10|  ap_memory |  weightBRAM_5_7 |     array    |
|weightBRAM_5_7_ce0       | out |    1|  ap_memory |  weightBRAM_5_7 |     array    |
|weightBRAM_5_7_we0       | out |    1|  ap_memory |  weightBRAM_5_7 |     array    |
|weightBRAM_5_7_d0        | out |   32|  ap_memory |  weightBRAM_5_7 |     array    |
|weightBRAM_6_0_address0  | out |   10|  ap_memory |  weightBRAM_6_0 |     array    |
|weightBRAM_6_0_ce0       | out |    1|  ap_memory |  weightBRAM_6_0 |     array    |
|weightBRAM_6_0_we0       | out |    1|  ap_memory |  weightBRAM_6_0 |     array    |
|weightBRAM_6_0_d0        | out |   32|  ap_memory |  weightBRAM_6_0 |     array    |
|weightBRAM_6_1_address0  | out |   10|  ap_memory |  weightBRAM_6_1 |     array    |
|weightBRAM_6_1_ce0       | out |    1|  ap_memory |  weightBRAM_6_1 |     array    |
|weightBRAM_6_1_we0       | out |    1|  ap_memory |  weightBRAM_6_1 |     array    |
|weightBRAM_6_1_d0        | out |   32|  ap_memory |  weightBRAM_6_1 |     array    |
|weightBRAM_6_2_address0  | out |   10|  ap_memory |  weightBRAM_6_2 |     array    |
|weightBRAM_6_2_ce0       | out |    1|  ap_memory |  weightBRAM_6_2 |     array    |
|weightBRAM_6_2_we0       | out |    1|  ap_memory |  weightBRAM_6_2 |     array    |
|weightBRAM_6_2_d0        | out |   32|  ap_memory |  weightBRAM_6_2 |     array    |
|weightBRAM_6_3_address0  | out |   10|  ap_memory |  weightBRAM_6_3 |     array    |
|weightBRAM_6_3_ce0       | out |    1|  ap_memory |  weightBRAM_6_3 |     array    |
|weightBRAM_6_3_we0       | out |    1|  ap_memory |  weightBRAM_6_3 |     array    |
|weightBRAM_6_3_d0        | out |   32|  ap_memory |  weightBRAM_6_3 |     array    |
|weightBRAM_6_4_address0  | out |   10|  ap_memory |  weightBRAM_6_4 |     array    |
|weightBRAM_6_4_ce0       | out |    1|  ap_memory |  weightBRAM_6_4 |     array    |
|weightBRAM_6_4_we0       | out |    1|  ap_memory |  weightBRAM_6_4 |     array    |
|weightBRAM_6_4_d0        | out |   32|  ap_memory |  weightBRAM_6_4 |     array    |
|weightBRAM_6_5_address0  | out |   10|  ap_memory |  weightBRAM_6_5 |     array    |
|weightBRAM_6_5_ce0       | out |    1|  ap_memory |  weightBRAM_6_5 |     array    |
|weightBRAM_6_5_we0       | out |    1|  ap_memory |  weightBRAM_6_5 |     array    |
|weightBRAM_6_5_d0        | out |   32|  ap_memory |  weightBRAM_6_5 |     array    |
|weightBRAM_6_6_address0  | out |   10|  ap_memory |  weightBRAM_6_6 |     array    |
|weightBRAM_6_6_ce0       | out |    1|  ap_memory |  weightBRAM_6_6 |     array    |
|weightBRAM_6_6_we0       | out |    1|  ap_memory |  weightBRAM_6_6 |     array    |
|weightBRAM_6_6_d0        | out |   32|  ap_memory |  weightBRAM_6_6 |     array    |
|weightBRAM_6_7_address0  | out |   10|  ap_memory |  weightBRAM_6_7 |     array    |
|weightBRAM_6_7_ce0       | out |    1|  ap_memory |  weightBRAM_6_7 |     array    |
|weightBRAM_6_7_we0       | out |    1|  ap_memory |  weightBRAM_6_7 |     array    |
|weightBRAM_6_7_d0        | out |   32|  ap_memory |  weightBRAM_6_7 |     array    |
|weightBRAM_7_0_address0  | out |   10|  ap_memory |  weightBRAM_7_0 |     array    |
|weightBRAM_7_0_ce0       | out |    1|  ap_memory |  weightBRAM_7_0 |     array    |
|weightBRAM_7_0_we0       | out |    1|  ap_memory |  weightBRAM_7_0 |     array    |
|weightBRAM_7_0_d0        | out |   32|  ap_memory |  weightBRAM_7_0 |     array    |
|weightBRAM_7_1_address0  | out |   10|  ap_memory |  weightBRAM_7_1 |     array    |
|weightBRAM_7_1_ce0       | out |    1|  ap_memory |  weightBRAM_7_1 |     array    |
|weightBRAM_7_1_we0       | out |    1|  ap_memory |  weightBRAM_7_1 |     array    |
|weightBRAM_7_1_d0        | out |   32|  ap_memory |  weightBRAM_7_1 |     array    |
|weightBRAM_7_2_address0  | out |   10|  ap_memory |  weightBRAM_7_2 |     array    |
|weightBRAM_7_2_ce0       | out |    1|  ap_memory |  weightBRAM_7_2 |     array    |
|weightBRAM_7_2_we0       | out |    1|  ap_memory |  weightBRAM_7_2 |     array    |
|weightBRAM_7_2_d0        | out |   32|  ap_memory |  weightBRAM_7_2 |     array    |
|weightBRAM_7_3_address0  | out |   10|  ap_memory |  weightBRAM_7_3 |     array    |
|weightBRAM_7_3_ce0       | out |    1|  ap_memory |  weightBRAM_7_3 |     array    |
|weightBRAM_7_3_we0       | out |    1|  ap_memory |  weightBRAM_7_3 |     array    |
|weightBRAM_7_3_d0        | out |   32|  ap_memory |  weightBRAM_7_3 |     array    |
|weightBRAM_7_4_address0  | out |   10|  ap_memory |  weightBRAM_7_4 |     array    |
|weightBRAM_7_4_ce0       | out |    1|  ap_memory |  weightBRAM_7_4 |     array    |
|weightBRAM_7_4_we0       | out |    1|  ap_memory |  weightBRAM_7_4 |     array    |
|weightBRAM_7_4_d0        | out |   32|  ap_memory |  weightBRAM_7_4 |     array    |
|weightBRAM_7_5_address0  | out |   10|  ap_memory |  weightBRAM_7_5 |     array    |
|weightBRAM_7_5_ce0       | out |    1|  ap_memory |  weightBRAM_7_5 |     array    |
|weightBRAM_7_5_we0       | out |    1|  ap_memory |  weightBRAM_7_5 |     array    |
|weightBRAM_7_5_d0        | out |   32|  ap_memory |  weightBRAM_7_5 |     array    |
|weightBRAM_7_6_address0  | out |   10|  ap_memory |  weightBRAM_7_6 |     array    |
|weightBRAM_7_6_ce0       | out |    1|  ap_memory |  weightBRAM_7_6 |     array    |
|weightBRAM_7_6_we0       | out |    1|  ap_memory |  weightBRAM_7_6 |     array    |
|weightBRAM_7_6_d0        | out |   32|  ap_memory |  weightBRAM_7_6 |     array    |
|weightBRAM_7_7_address0  | out |   10|  ap_memory |  weightBRAM_7_7 |     array    |
|weightBRAM_7_7_ce0       | out |    1|  ap_memory |  weightBRAM_7_7 |     array    |
|weightBRAM_7_7_we0       | out |    1|  ap_memory |  weightBRAM_7_7 |     array    |
|weightBRAM_7_7_d0        | out |   32|  ap_memory |  weightBRAM_7_7 |     array    |
|k                        |  in |   32|   ap_none  |        k        |    scalar    |
|ic                       |  in |   32|   ap_none  |        ic       |    scalar    |
|o_c                      |  in |   32|   ap_none  |       o_c       |    scalar    |
|i_c                      |  in |   32|   ap_none  |       i_c       |    scalar    |
+-------------------------+-----+-----+------------+-----------------+--------------+

